<?xml version="1.0" encoding="UTF-8"?>
<!-- Generated by org.testng.reporters.JUnitReportReporter -->
<testsuite skipped="0" hostname="ienovo-PC" name="Test1" tests="1" failures="0" timestamp="13 Feb 2019 07:39:47 GMT" time="0.083" errors="0">
  <testcase name="m1" time="0.083" classname="Test1"/>
</testsuite> <!-- Test1 -->
